<?xml version="1.0" encoding="UTF-8"?>
<testng-results skipped="0" failed="0" total="1" passed="1">
  <reporter-output>
  </reporter-output>
  <suite name="Default suite" duration-ms="33348" started-at="2020-04-12T19:30:23Z" finished-at="2020-04-12T19:30:56Z">
    <groups>
    </groups>
    <test name="Default test" duration-ms="33348" started-at="2020-04-12T19:30:23Z" finished-at="2020-04-12T19:30:56Z">
      <class name="com.training.regression.tests.RTTC_032">
        <test-method status="PASS" signature="setUpBeforeClass()[pri:0, instance:com.training.regression.tests.RTTC_032@3c5a99da]" name="setUpBeforeClass" is-config="true" duration-ms="42" started-at="2020-04-13T01:00:23Z" finished-at="2020-04-13T01:00:23Z">
          <reporter-output>
          </reporter-output>
        </test-method> <!-- setUpBeforeClass -->
        <test-method status="PASS" signature="setUp()[pri:0, instance:com.training.regression.tests.RTTC_032@3c5a99da]" name="setUp" is-config="true" duration-ms="16423" started-at="2020-04-13T01:00:23Z" finished-at="2020-04-13T01:00:39Z">
          <reporter-output>
          </reporter-output>
        </test-method> <!-- setUp -->
        <test-method status="PASS" signature="Checkoutwihtoutlogin()[pri:0, instance:com.training.regression.tests.RTTC_032@3c5a99da]" name="Checkoutwihtoutlogin" duration-ms="14333" started-at="2020-04-13T01:00:39Z" finished-at="2020-04-13T01:00:54Z">
          <reporter-output>
          </reporter-output>
        </test-method> <!-- Checkoutwihtoutlogin -->
        <test-method status="PASS" signature="tearDown()[pri:0, instance:com.training.regression.tests.RTTC_032@3c5a99da]" name="tearDown" is-config="true" duration-ms="2528" started-at="2020-04-13T01:00:54Z" finished-at="2020-04-13T01:00:56Z">
          <reporter-output>
          </reporter-output>
        </test-method> <!-- tearDown -->
      </class> <!-- com.training.regression.tests.RTTC_032 -->
    </test> <!-- Default test -->
  </suite> <!-- Default suite -->
</testng-results>
